<?xml version="1.0" encoding="UTF-8"?>
<!-- Generated by org.testng.reporters.JUnitReportReporter -->
<testsuite hostname="MacBookAir" failures="0" tests="1" name="assertions.LearnJavaConditions" time="6.567" errors="0" timestamp="2025-02-08T17:22:08 IST" skipped="0">
  <testcase classname="assertions.LearnJavaConditions" name="login" time="6.567"/>
  <system-out>
    <![CDATA[User logged in]]>
  </system-out>
</testsuite> <!-- assertions.LearnJavaConditions -->
