<?xml version="1.0" encoding="UTF-8"?>
<!-- Generated by org.testng.reporters.JUnitReportReporter -->
<testsuite hostname="MacBookAir" failures="0" tests="2" name="testNG.TestScript2" time="4.108" errors="0" timestamp="2025-02-11T19:54:43 IST" skipped="0">
  <testcase classname="testNG.TestScript2" name="ClickOnComputer" time="2.139"/>
  <system-out>
    <![CDATA[User Navigated to Books Page]]>
  </system-out>
  <testcase classname="testNG.TestScript2" name="ClickOnComputer" time="1.969"/>
  <system-out>
    <![CDATA[User Navigated to Books Page]]>
  </system-out>
</testsuite> <!-- testNG.TestScript2 -->
