<?xml version="1.0" encoding="UTF-8"?>
<!-- Generated by org.testng.reporters.JUnitReportReporter -->
<testsuite hostname="MacBookAir" failures="0" tests="1" name="assertions.LearnHardAssert" time="6.714" errors="0" timestamp="2025-02-08T17:47:50 IST" skipped="0">
  <testcase classname="assertions.LearnHardAssert" name="login" time="6.714"/>
  <system-out>
    <![CDATA[Login page displayed
Home page displayed]]>
  </system-out>
</testsuite> <!-- assertions.LearnHardAssert -->
