<?xml version="1.0" encoding="UTF-8"?>
<!-- Generated by org.testng.reporters.JUnitReportReporter -->
<testsuite hostname="Abhinandanas-MacBook-Air.local" failures="0" tests="2" name="testNG.ToLearnTestNG" time="0.005" errors="0" timestamp="2025-02-04T19:10:26 IST" skipped="0">
  <testcase classname="testNG.ToLearnTestNG" name="Sample" time="0.004"/>
  <system-out>
    <![CDATA[Welcome to home]]>
  </system-out>
  <testcase classname="testNG.ToLearnTestNG" name="demo" time="0.001"/>
  <system-out>
    <![CDATA[Welcome to Selenium]]>
  </system-out>
</testsuite> <!-- testNG.ToLearnTestNG -->
