<?xml version="1.0" encoding="UTF-8"?>
<!-- Generated by org.testng.reporters.JUnitReportReporter -->
<testsuite hostname="MacBookAir" failures="0" tests="4" name="dataprovider.ToLearnDataProvider" time="7.852" errors="0" timestamp="2025-02-10T18:59:37 IST" skipped="0">
  <testcase classname="dataprovider.ToLearnDataProvider" name="login" time="1.705"/>
  <system-out/>
  <testcase classname="dataprovider.ToLearnDataProvider" name="login" time="1.714"/>
  <system-out/>
  <testcase classname="dataprovider.ToLearnDataProvider" name="login" time="1.666"/>
  <system-out/>
  <testcase classname="dataprovider.ToLearnDataProvider" name="login" time="2.767"/>
  <system-out/>
</testsuite> <!-- dataprovider.ToLearnDataProvider -->
