<?xml version="1.0" encoding="UTF-8"?>
<!-- Generated by org.testng.reporters.JUnitReportReporter -->
<testsuite hostname="MacBookAir" failures="0" tests="5" name="testNG.ToLearnTestNgwithsteps" time="13.072" errors="0" timestamp="2025-02-07T18:30:32 IST" skipped="1">
  <testcase classname="testNG.ToLearnTestNgwithsteps" name="login" time="3.506"/>
  <system-out>
    <![CDATA[login test case executed]]>
  </system-out>
  <testcase classname="testNG.ToLearnTestNgwithsteps" name="login" time="3.465"/>
  <system-out>
    <![CDATA[login test case executed]]>
  </system-out>
  <testcase classname="testNG.ToLearnTestNgwithsteps" name="login" time="2.980"/>
  <system-out>
    <![CDATA[login test case executed]]>
  </system-out>
  <testcase classname="testNG.ToLearnTestNgwithsteps" name="login" time="3.121"/>
  <system-out>
    <![CDATA[login test case executed]]>
  </system-out>
  <testcase classname="testNG.ToLearnTestNgwithsteps" name="register">
    <skipped/>
  </testcase> <!-- register -->
  <system-out/>
</testsuite> <!-- testNG.ToLearnTestNgwithsteps -->
